<?xml version="1.0" encoding="UTF-8"?>
<coverage generated="1560525097608" clover="3.2.0">
  <project timestamp="1560525097608" name="All files">
    <metrics statements="68" coveredstatements="57" conditionals="24" coveredconditionals="22" methods="25" coveredmethods="17" elements="117" coveredelements="96" complexity="0" loc="68" ncloc="68" packages="2" files="3" classes="3">
      <package name="components">
        <metrics statements="60" coveredstatements="49" conditionals="24" coveredconditionals="22" methods="23" coveredmethods="15"/>
        <file name="Collapse.vue" path="/Users/ray/project/vue-collapse2/src/components/Collapse.vue">
          <metrics statements="22" coveredstatements="22" conditionals="8" coveredconditionals="8" methods="5" coveredmethods="5"/>
          <line num="8" count="2" type="stmt"/>
          <line num="11" count="4" type="stmt"/>
          <line num="16" count="2" type="stmt"/>
          <line num="23" count="2" type="stmt"/>
          <line num="30" count="2" type="stmt"/>
          <line num="33" count="2" type="stmt"/>
          <line num="34" count="10" type="cond" truecount="4" falsecount="0"/>
          <line num="35" count="1" type="stmt"/>
          <line num="40" count="3" type="stmt"/>
          <line num="41" count="3" type="cond" truecount="2" falsecount="0"/>
          <line num="42" count="2" type="stmt"/>
          <line num="44" count="1" type="stmt"/>
          <line num="49" count="3" type="stmt"/>
          <line num="50" count="3" type="stmt"/>
          <line num="54" count="2" type="stmt"/>
          <line num="55" count="2" type="stmt"/>
          <line num="56" count="3" type="cond" truecount="2" falsecount="0"/>
          <line num="57" count="1" type="stmt"/>
          <line num="60" count="2" type="stmt"/>
          <line num="61" count="2" type="stmt"/>
          <line num="65" count="8" type="stmt"/>
          <line num="66" count="8" type="stmt"/>
        </file>
        <file name="CollapsePanel.vue" path="/Users/ray/project/vue-collapse2/src/components/CollapsePanel.vue">
          <metrics statements="38" coveredstatements="27" conditionals="16" coveredconditionals="14" methods="18" coveredmethods="10"/>
          <line num="31" count="2" type="stmt"/>
          <line num="33" count="2" type="stmt"/>
          <line num="36" count="4" type="stmt"/>
          <line num="40" count="2" type="stmt"/>
          <line num="47" count="2" type="stmt"/>
          <line num="50" count="9" type="cond" truecount="2" falsecount="0"/>
          <line num="55" count="18" type="cond" truecount="2" falsecount="0"/>
          <line num="56" count="10" type="stmt"/>
          <line num="58" count="8" type="stmt"/>
          <line num="62" count="3" type="cond" truecount="2" falsecount="0"/>
          <line num="63" count="1" type="stmt"/>
          <line num="65" count="2" type="stmt"/>
          <line num="69" count="19" type="stmt"/>
          <line num="72" count="10" type="stmt"/>
          <line num="75" count="3" type="cond" truecount="2" falsecount="0"/>
          <line num="76" count="2" type="stmt"/>
          <line num="81" count="2" type="cond" truecount="2" falsecount="0"/>
          <line num="82" count="1" type="stmt"/>
          <line num="84" count="1" type="stmt"/>
          <line num="89" count="1" type="stmt"/>
          <line num="93" count="1" type="stmt"/>
          <line num="97" count="0" type="stmt"/>
          <line num="101" count="0" type="stmt"/>
          <line num="105" count="0" type="stmt"/>
          <line num="109" count="0" type="stmt"/>
          <line num="114" count="0" type="stmt"/>
          <line num="115" count="0" type="stmt"/>
          <line num="120" count="0" type="stmt"/>
          <line num="124" count="0" type="stmt"/>
          <line num="125" count="0" type="cond" truecount="0" falsecount="2"/>
          <line num="126" count="0" type="stmt"/>
          <line num="128" count="0" type="stmt"/>
          <line num="133" count="10" type="stmt"/>
          <line num="134" count="10" type="stmt"/>
          <line num="135" count="10" type="cond" truecount="4" falsecount="0"/>
          <line num="136" count="4" type="stmt"/>
          <line num="138" count="6" type="stmt"/>
          <line num="139" count="6" type="stmt"/>
        </file>
      </package>
      <package name="demo">
        <metrics statements="8" coveredstatements="8" conditionals="0" coveredconditionals="0" methods="2" coveredmethods="2"/>
        <file name="app.vue" path="/Users/ray/project/vue-collapse2/src/demo/app.vue">
          <metrics statements="8" coveredstatements="8" conditionals="0" coveredconditionals="0" methods="2" coveredmethods="2"/>
          <line num="53" count="1" type="stmt"/>
          <line num="54" count="1" type="stmt"/>
          <line num="55" count="1" type="stmt"/>
          <line num="63" count="1" type="stmt"/>
          <line num="64" count="2" type="stmt"/>
          <line num="65" count="2" type="stmt"/>
          <line num="68" count="2" type="stmt"/>
          <line num="69" count="2" type="stmt"/>
        </file>
      </package>
    </metrics>
  </project>
</coverage>
