{"/Users/ray/project/vue-collapse2/src/components/Collapse.vue": {"path":"/Users/ray/project/vue-collapse2/src/components/Collapse.vue","statementMap":{"0":{"start":{"line":8,"column":0},"end":{"line":null,"column":-1}},"1":{"start":{"line":11,"column":0},"end":{"line":null,"column":-1}},"2":{"start":{"line":34,"column":0},"end":{"line":36,"column":0}},"3":{"start":{"line":35,"column":0},"end":{"line":null,"column":-1}},"4":{"start":{"line":40,"column":0},"end":{"line":null,"column":-1}},"5":{"start":{"line":41,"column":0},"end":{"line":48,"column":0}},"6":{"start":{"line":42,"column":0},"end":{"line":null,"column":-1}},"7":{"start":{"line":44,"column":0},"end":{"line":null,"column":-1}},"8":{"start":{"line":49,"column":0},"end":{"line":null,"column":-1}},"9":{"start":{"line":50,"column":0},"end":{"line":null,"column":-1}},"10":{"start":{"line":54,"column":0},"end":{"line":null,"column":-1}},"11":{"start":{"line":55,"column":0},"end":{"line":59,"column":0}},"12":{"start":{"line":56,"column":0},"end":{"line":58,"column":0}},"13":{"start":{"line":57,"column":0},"end":{"line":null,"column":-1}},"14":{"start":{"line":60,"column":0},"end":{"line":null,"column":-1}},"15":{"start":{"line":61,"column":0},"end":{"line":null,"column":-1}},"16":{"start":{"line":65,"column":0},"end":{"line":null,"column":-1}},"17":{"start":{"line":66,"column":0},"end":{"line":null,"column":-1}},"18":{"start":{"line":16,"column":0},"end":{"line":12,"column":0}},"19":{"start":{"line":23,"column":0},"end":{"line":19,"column":0}},"20":{"start":{"line":30,"column":0},"end":{"line":26,"column":0}},"21":{"start":{"line":33,"column":0},"end":{"line":32,"column":0}}},"fnMap":{"0":{"name":"(anonymous_1)","decl":{"start":{"line":33,"column":0},"end":{"line":null,"column":-1}},"loc":{"start":{"line":33,"column":0},"end":{"line":37,"column":0}}},"1":{"name":"(anonymous_2)","decl":{"start":{"line":39,"column":0},"end":{"line":null,"column":-1}},"loc":{"start":{"line":39,"column":0},"end":{"line":51,"column":0}}},"2":{"name":"(anonymous_3)","decl":{"start":{"line":53,"column":0},"end":{"line":null,"column":-1}},"loc":{"start":{"line":53,"column":0},"end":{"line":62,"column":0}}},"3":{"name":"(anonymous_4)","decl":{"start":{"line":55,"column":0},"end":{"line":null,"column":-1}},"loc":{"start":{"line":55,"column":0},"end":{"line":59,"column":0}}},"4":{"name":"(anonymous_5)","decl":{"start":{"line":64,"column":0},"end":{"line":null,"column":-1}},"loc":{"start":{"line":64,"column":0},"end":{"line":67,"column":0}}}},"branchMap":{"0":{"loc":{"start":{"line":34,"column":0},"end":{"line":36,"column":0}},"type":"if","locations":[{"start":{"line":34,"column":0},"end":{"line":36,"column":0}},{"start":{"line":34,"column":0},"end":{"line":36,"column":0}}]},"1":{"loc":{"start":{"line":34,"column":0},"end":{"line":null,"column":-1}},"type":"binary-expr","locations":[{"start":{"line":34,"column":0},"end":{"line":null,"column":-1}},{"start":{"line":34,"column":0},"end":{"line":null,"column":-1}}]},"2":{"loc":{"start":{"line":41,"column":0},"end":{"line":48,"column":0}},"type":"if","locations":[{"start":{"line":41,"column":0},"end":{"line":48,"column":0}},{"start":{"line":41,"column":0},"end":{"line":48,"column":0}}]},"3":{"loc":{"start":{"line":56,"column":0},"end":{"line":58,"column":0}},"type":"if","locations":[{"start":{"line":56,"column":0},"end":{"line":58,"column":0}},{"start":{"line":56,"column":0},"end":{"line":58,"column":0}}]}},"s":{"0":2,"1":4,"2":10,"3":1,"4":3,"5":3,"6":2,"7":1,"8":3,"9":3,"10":2,"11":2,"12":3,"13":1,"14":2,"15":2,"16":8,"17":8,"18":2,"19":2,"20":2,"21":2},"f":{"0":10,"1":3,"2":2,"3":3,"4":8},"b":{"0":[1,9],"1":[10,6],"2":[2,1],"3":[1,2]}}
,"/Users/ray/project/vue-collapse2/src/components/CollapsePanel.vue": {"path":"/Users/ray/project/vue-collapse2/src/components/CollapsePanel.vue","statementMap":{"0":{"start":{"line":31,"column":0},"end":{"line":null,"column":-1}},"1":{"start":{"line":33,"column":0},"end":{"line":null,"column":-1}},"2":{"start":{"line":36,"column":0},"end":{"line":null,"column":-1}},"3":{"start":{"line":72,"column":0},"end":{"line":null,"column":-1}},"4":{"start":{"line":50,"column":0},"end":{"line":null,"column":-1}},"5":{"start":{"line":55,"column":0},"end":{"line":57,"column":0}},"6":{"start":{"line":56,"column":0},"end":{"line":null,"column":-1}},"7":{"start":{"line":58,"column":0},"end":{"line":null,"column":-1}},"8":{"start":{"line":62,"column":0},"end":{"line":64,"column":0}},"9":{"start":{"line":63,"column":0},"end":{"line":null,"column":-1}},"10":{"start":{"line":65,"column":0},"end":{"line":null,"column":-1}},"11":{"start":{"line":69,"column":0},"end":{"line":null,"column":-1}},"12":{"start":{"line":75,"column":0},"end":{"line":77,"column":0}},"13":{"start":{"line":76,"column":0},"end":{"line":null,"column":-1}},"14":{"start":{"line":81,"column":0},"end":{"line":85,"column":0}},"15":{"start":{"line":82,"column":0},"end":{"line":null,"column":-1}},"16":{"start":{"line":84,"column":0},"end":{"line":null,"column":-1}},"17":{"start":{"line":89,"column":0},"end":{"line":null,"column":-1}},"18":{"start":{"line":93,"column":0},"end":{"line":null,"column":-1}},"19":{"start":{"line":97,"column":0},"end":{"line":null,"column":-1}},"20":{"start":{"line":101,"column":0},"end":{"line":null,"column":-1}},"21":{"start":{"line":105,"column":0},"end":{"line":null,"column":-1}},"22":{"start":{"line":109,"column":0},"end":{"line":null,"column":-1}},"23":{"start":{"line":114,"column":0},"end":{"line":116,"column":0}},"24":{"start":{"line":115,"column":0},"end":{"line":null,"column":-1}},"25":{"start":{"line":120,"column":0},"end":{"line":null,"column":-1}},"26":{"start":{"line":124,"column":0},"end":{"line":null,"column":-1}},"27":{"start":{"line":125,"column":0},"end":{"line":127,"column":0}},"28":{"start":{"line":126,"column":0},"end":{"line":null,"column":-1}},"29":{"start":{"line":128,"column":0},"end":{"line":null,"column":-1}},"30":{"start":{"line":133,"column":0},"end":{"line":null,"column":-1}},"31":{"start":{"line":134,"column":0},"end":{"line":141,"column":0}},"32":{"start":{"line":135,"column":0},"end":{"line":140,"column":0}},"33":{"start":{"line":136,"column":0},"end":{"line":null,"column":-1}},"34":{"start":{"line":138,"column":0},"end":{"line":null,"column":-1}},"35":{"start":{"line":139,"column":0},"end":{"line":null,"column":-1}},"36":{"start":{"line":40,"column":0},"end":{"line":37,"column":0}},"37":{"start":{"line":47,"column":0},"end":{"line":43,"column":0}}},"fnMap":{"0":{"name":"(anonymous_1)","decl":{"start":{"line":35,"column":0},"end":{"line":null,"column":-1}},"loc":{"start":{"line":35,"column":0},"end":{"line":143,"column":0}}},"1":{"name":"(anonymous_2)","decl":{"start":{"line":49,"column":0},"end":{"line":null,"column":-1}},"loc":{"start":{"line":49,"column":0},"end":{"line":51,"column":0}}},"2":{"name":"(anonymous_3)","decl":{"start":{"line":54,"column":0},"end":{"line":null,"column":-1}},"loc":{"start":{"line":54,"column":0},"end":{"line":59,"column":0}}},"3":{"name":"(anonymous_4)","decl":{"start":{"line":61,"column":0},"end":{"line":null,"column":-1}},"loc":{"start":{"line":61,"column":0},"end":{"line":66,"column":0}}},"4":{"name":"(anonymous_5)","decl":{"start":{"line":68,"column":0},"end":{"line":null,"column":-1}},"loc":{"start":{"line":68,"column":0},"end":{"line":70,"column":0}}},"5":{"name":"(anonymous_6)","decl":{"start":{"line":74,"column":0},"end":{"line":null,"column":-1}},"loc":{"start":{"line":74,"column":0},"end":{"line":78,"column":0}}},"6":{"name":"(anonymous_7)","decl":{"start":{"line":80,"column":0},"end":{"line":null,"column":-1}},"loc":{"start":{"line":80,"column":0},"end":{"line":86,"column":0}}},"7":{"name":"(anonymous_8)","decl":{"start":{"line":88,"column":0},"end":{"line":null,"column":-1}},"loc":{"start":{"line":88,"column":0},"end":{"line":90,"column":0}}},"8":{"name":"(anonymous_9)","decl":{"start":{"line":92,"column":0},"end":{"line":null,"column":-1}},"loc":{"start":{"line":92,"column":0},"end":{"line":94,"column":0}}},"9":{"name":"(anonymous_10)","decl":{"start":{"line":96,"column":0},"end":{"line":null,"column":-1}},"loc":{"start":{"line":96,"column":0},"end":{"line":98,"column":0}}},"10":{"name":"(anonymous_11)","decl":{"start":{"line":100,"column":0},"end":{"line":null,"column":-1}},"loc":{"start":{"line":100,"column":0},"end":{"line":102,"column":0}}},"11":{"name":"(anonymous_12)","decl":{"start":{"line":104,"column":0},"end":{"line":null,"column":-1}},"loc":{"start":{"line":104,"column":0},"end":{"line":106,"column":0}}},"12":{"name":"(anonymous_13)","decl":{"start":{"line":108,"column":0},"end":{"line":null,"column":-1}},"loc":{"start":{"line":108,"column":0},"end":{"line":110,"column":0}}},"13":{"name":"(anonymous_14)","decl":{"start":{"line":112,"column":0},"end":{"line":null,"column":-1}},"loc":{"start":{"line":112,"column":0},"end":{"line":117,"column":0}}},"14":{"name":"(anonymous_15)","decl":{"start":{"line":114,"column":0},"end":{"line":null,"column":-1}},"loc":{"start":{"line":114,"column":0},"end":{"line":116,"column":0}}},"15":{"name":"(anonymous_16)","decl":{"start":{"line":119,"column":0},"end":{"line":null,"column":-1}},"loc":{"start":{"line":119,"column":0},"end":{"line":121,"column":0}}},"16":{"name":"(anonymous_17)","decl":{"start":{"line":123,"column":0},"end":{"line":null,"column":-1}},"loc":{"start":{"line":123,"column":0},"end":{"line":129,"column":0}}},"17":{"name":"(anonymous_18)","decl":{"start":{"line":131,"column":0},"end":{"line":null,"column":-1}},"loc":{"start":{"line":131,"column":0},"end":{"line":142,"column":0}}}},"branchMap":{"0":{"loc":{"start":{"line":50,"column":0},"end":{"line":null,"column":-1}},"type":"binary-expr","locations":[{"start":{"line":50,"column":0},"end":{"line":null,"column":-1}},{"start":{"line":50,"column":0},"end":{"line":null,"column":-1}}]},"1":{"loc":{"start":{"line":55,"column":0},"end":{"line":57,"column":0}},"type":"if","locations":[{"start":{"line":55,"column":0},"end":{"line":57,"column":0}},{"start":{"line":55,"column":0},"end":{"line":57,"column":0}}]},"2":{"loc":{"start":{"line":62,"column":0},"end":{"line":64,"column":0}},"type":"if","locations":[{"start":{"line":62,"column":0},"end":{"line":64,"column":0}},{"start":{"line":62,"column":0},"end":{"line":64,"column":0}}]},"3":{"loc":{"start":{"line":75,"column":0},"end":{"line":77,"column":0}},"type":"if","locations":[{"start":{"line":75,"column":0},"end":{"line":77,"column":0}},{"start":{"line":75,"column":0},"end":{"line":77,"column":0}}]},"4":{"loc":{"start":{"line":81,"column":0},"end":{"line":85,"column":0}},"type":"if","locations":[{"start":{"line":81,"column":0},"end":{"line":85,"column":0}},{"start":{"line":81,"column":0},"end":{"line":85,"column":0}}]},"5":{"loc":{"start":{"line":125,"column":0},"end":{"line":127,"column":0}},"type":"if","locations":[{"start":{"line":125,"column":0},"end":{"line":127,"column":0}},{"start":{"line":125,"column":0},"end":{"line":127,"column":0}}]},"6":{"loc":{"start":{"line":135,"column":0},"end":{"line":140,"column":0}},"type":"if","locations":[{"start":{"line":135,"column":0},"end":{"line":140,"column":0}},{"start":{"line":135,"column":0},"end":{"line":140,"column":0}}]},"7":{"loc":{"start":{"line":135,"column":0},"end":{"line":null,"column":-1}},"type":"binary-expr","locations":[{"start":{"line":135,"column":0},"end":{"line":null,"column":-1}},{"start":{"line":135,"column":0},"end":{"line":null,"column":-1}}]}},"s":{"0":2,"1":2,"2":4,"3":10,"4":9,"5":18,"6":10,"7":8,"8":3,"9":1,"10":2,"11":19,"12":3,"13":2,"14":2,"15":1,"16":1,"17":1,"18":1,"19":0,"20":0,"21":0,"22":0,"23":0,"24":0,"25":0,"26":0,"27":0,"28":0,"29":0,"30":10,"31":10,"32":10,"33":4,"34":6,"35":6,"36":2,"37":2},"f":{"0":10,"1":9,"2":18,"3":3,"4":19,"5":3,"6":2,"7":1,"8":1,"9":0,"10":0,"11":0,"12":0,"13":0,"14":0,"15":0,"16":0,"17":10},"b":{"0":[9,1],"1":[10,8],"2":[1,2],"3":[2,1],"4":[1,1],"5":[0,0],"6":[4,6],"7":[10,10]}}
,"/Users/ray/project/vue-collapse2/src/demo/app.vue": {"path":"/Users/ray/project/vue-collapse2/src/demo/app.vue","statementMap":{"0":{"start":{"line":53,"column":0},"end":{"line":null,"column":-1}},"1":{"start":{"line":54,"column":0},"end":{"line":null,"column":-1}},"2":{"start":{"line":55,"column":0},"end":{"line":null,"column":-1}},"3":{"start":{"line":63,"column":0},"end":{"line":null,"column":-1}},"4":{"start":{"line":64,"column":0},"end":{"line":null,"column":-1}},"5":{"start":{"line":65,"column":0},"end":{"line":null,"column":-1}},"6":{"start":{"line":68,"column":0},"end":{"line":null,"column":-1}},"7":{"start":{"line":69,"column":0},"end":{"line":null,"column":-1}},"8":{"start":{"line":63,"column":0},"end":{"line":57,"column":0}}},"fnMap":{"0":{"name":"(anonymous_1)","decl":{"start":{"line":57,"column":0},"end":{"line":null,"column":-1}},"loc":{"start":{"line":57,"column":0},"end":{"line":71,"column":0}}},"1":{"name":"(anonymous_2)","decl":{"start":{"line":67,"column":0},"end":{"line":null,"column":-1}},"loc":{"start":{"line":67,"column":0},"end":{"line":70,"column":0}}}},"branchMap":{},"s":{"0":1,"1":1,"2":1,"3":1,"4":2,"5":2,"6":2,"7":2,"8":1},"f":{"0":2,"1":2},"b":{}}
}
