TN:
SF:/Users/ray/project/vue-collapse2/src/components/Collapse.vue
FN:33,(anonymous_1)
FN:39,(anonymous_2)
FN:53,(anonymous_3)
FN:55,(anonymous_4)
FN:64,(anonymous_5)
FNF:5
FNH:5
FNDA:10,(anonymous_1)
FNDA:3,(anonymous_2)
FNDA:2,(anonymous_3)
FNDA:3,(anonymous_4)
FNDA:8,(anonymous_5)
DA:8,2
DA:11,4
DA:16,2
DA:23,2
DA:30,2
DA:33,2
DA:34,10
DA:35,1
DA:40,3
DA:41,3
DA:42,2
DA:44,1
DA:49,3
DA:50,3
DA:54,2
DA:55,2
DA:56,3
DA:57,1
DA:60,2
DA:61,2
DA:65,8
DA:66,8
LF:22
LH:22
BRDA:34,0,0,1
BRDA:34,0,1,9
BRDA:34,1,0,10
BRDA:34,1,1,6
BRDA:41,2,0,2
BRDA:41,2,1,1
BRDA:56,3,0,1
BRDA:56,3,1,2
BRF:8
BRH:8
end_of_record
TN:
SF:/Users/ray/project/vue-collapse2/src/components/CollapsePanel.vue
FN:35,(anonymous_1)
FN:49,(anonymous_2)
FN:54,(anonymous_3)
FN:61,(anonymous_4)
FN:68,(anonymous_5)
FN:74,(anonymous_6)
FN:80,(anonymous_7)
FN:88,(anonymous_8)
FN:92,(anonymous_9)
FN:96,(anonymous_10)
FN:100,(anonymous_11)
FN:104,(anonymous_12)
FN:108,(anonymous_13)
FN:112,(anonymous_14)
FN:114,(anonymous_15)
FN:119,(anonymous_16)
FN:123,(anonymous_17)
FN:131,(anonymous_18)
FNF:18
FNH:10
FNDA:10,(anonymous_1)
FNDA:9,(anonymous_2)
FNDA:18,(anonymous_3)
FNDA:3,(anonymous_4)
FNDA:19,(anonymous_5)
FNDA:3,(anonymous_6)
FNDA:2,(anonymous_7)
FNDA:1,(anonymous_8)
FNDA:1,(anonymous_9)
FNDA:0,(anonymous_10)
FNDA:0,(anonymous_11)
FNDA:0,(anonymous_12)
FNDA:0,(anonymous_13)
FNDA:0,(anonymous_14)
FNDA:0,(anonymous_15)
FNDA:0,(anonymous_16)
FNDA:0,(anonymous_17)
FNDA:10,(anonymous_18)
DA:31,2
DA:33,2
DA:36,4
DA:40,2
DA:47,2
DA:50,9
DA:55,18
DA:56,10
DA:58,8
DA:62,3
DA:63,1
DA:65,2
DA:69,19
DA:72,10
DA:75,3
DA:76,2
DA:81,2
DA:82,1
DA:84,1
DA:89,1
DA:93,1
DA:97,0
DA:101,0
DA:105,0
DA:109,0
DA:114,0
DA:115,0
DA:120,0
DA:124,0
DA:125,0
DA:126,0
DA:128,0
DA:133,10
DA:134,10
DA:135,10
DA:136,4
DA:138,6
DA:139,6
LF:38
LH:27
BRDA:50,0,0,9
BRDA:50,0,1,1
BRDA:55,1,0,10
BRDA:55,1,1,8
BRDA:62,2,0,1
BRDA:62,2,1,2
BRDA:75,3,0,2
BRDA:75,3,1,1
BRDA:81,4,0,1
BRDA:81,4,1,1
BRDA:125,5,0,0
BRDA:125,5,1,0
BRDA:135,6,0,4
BRDA:135,6,1,6
BRDA:135,7,0,10
BRDA:135,7,1,10
BRF:16
BRH:14
end_of_record
TN:
SF:/Users/ray/project/vue-collapse2/src/demo/app.vue
FN:57,(anonymous_1)
FN:67,(anonymous_2)
FNF:2
FNH:2
FNDA:2,(anonymous_1)
FNDA:2,(anonymous_2)
DA:53,1
DA:54,1
DA:55,1
DA:63,1
DA:64,2
DA:65,2
DA:68,2
DA:69,2
LF:8
LH:8
BRF:0
BRH:0
end_of_record
